document HELP {
  title: "SEMDL Help Topic: reference annotate"
  command: "ssd annotate --help --format semdl"
  topic: "reference"
  target: "annotate"
  format: "semdl"
}

resource HELP_TOPIC {
  type: help-topic
  label: "reference annotate"
}

segment HELP_LINE_1 {
  source: HELP_TOPIC
  text_quote: "SEMDL Help Topic: reference annotate"
}

segment HELP_LINE_2 {
  source: HELP_TOPIC
  text_quote: "Usage:"
}

segment HELP_LINE_3 {
  source: HELP_TOPIC
  text_quote: "- `ssd annotate <selector> <kind> <text> --target sidecar --dry-run <file>`"
}

segment HELP_LINE_4 {
  source: HELP_TOPIC
  text_quote: "Purpose:"
}

segment HELP_LINE_5 {
  source: HELP_TOPIC
  text_quote: "- Append rationale, caveat, todo, status, or explanation metadata."
}

segment HELP_LINE_6 {
  source: HELP_TOPIC
  text_quote: "Related help:"
}

segment HELP_LINE_7 {
  source: HELP_TOPIC
  text_quote: "- `ssd help grammar`"
}

segment HELP_LINE_8 {
  source: HELP_TOPIC
  text_quote: "- `ssd help samples`"
}

segment HELP_LINE_9 {
  source: HELP_TOPIC
  text_quote: "Sample:"
}

segment HELP_LINE_10 {
  source: HELP_TOPIC
  text_quote: "- `ssd annotate id:H1 rationale 原文に主語がないため補完 --target sidecar --dry-run docs/examples/minimal.ssd`"
}
