document HELP {
  title: "SEMDL Help Topic: reference explain"
  command: "ssd explain --help --format semdl"
  topic: "reference"
  target: "explain"
  format: "semdl"
}

resource HELP_TOPIC {
  type: help-topic
  label: "reference explain"
}

segment HELP_LINE_1 {
  source: HELP_TOPIC
  text_quote: "SEMDL Help Topic: reference explain"
}

segment HELP_LINE_2 {
  source: HELP_TOPIC
  text_quote: "Usage:"
}

segment HELP_LINE_3 {
  source: HELP_TOPIC
  text_quote: "- `ssd explain <id> <file>`"
}

segment HELP_LINE_4 {
  source: HELP_TOPIC
  text_quote: "Purpose:"
}

segment HELP_LINE_5 {
  source: HELP_TOPIC
  text_quote: "- Show the merged semantic view for one entity id."
}

segment HELP_LINE_6 {
  source: HELP_TOPIC
  text_quote: "Related help:"
}

segment HELP_LINE_7 {
  source: HELP_TOPIC
  text_quote: "- `ssd help grammar`"
}

segment HELP_LINE_8 {
  source: HELP_TOPIC
  text_quote: "- `ssd help recipes explain-not-found`"
}

segment HELP_LINE_9 {
  source: HELP_TOPIC
  text_quote: "Sample:"
}

segment HELP_LINE_10 {
  source: HELP_TOPIC
  text_quote: "- `ssd explain A1 docs/examples/minimal.ssd`"
}
