document HELP {
  title: "SEMDL Help Topic: grammar"
  command: "ssd help grammar --format semdl"
  topic: "grammar"
  format: "semdl"
}

resource HELP_TOPIC {
  type: help-topic
  label: "grammar"
}

segment HELP_LINE_1 {
  source: HELP_TOPIC
  text_quote: "SEMDL Help Topic: grammar"
}

segment HELP_LINE_2 {
  source: HELP_TOPIC
  text_quote: "- Root form: `ssd <subcommand> ...`"
}

segment HELP_LINE_3 {
  source: HELP_TOPIC
  text_quote: "- Help form: `ssd help [topic] [--format semdl]`"
}

segment HELP_LINE_4 {
  source: HELP_TOPIC
  text_quote: "- Targeted reference help: `ssd help reference [subcommand] [--format semdl]`"
}

segment HELP_LINE_5 {
  source: HELP_TOPIC
  text_quote: "- Targeted recipe help: `ssd help recipes [topic] [--format semdl]`"
}

segment HELP_LINE_6 {
  source: HELP_TOPIC
  text_quote: "- Global help alias: `ssd --help [--format semdl]`"
}

segment HELP_LINE_7 {
  source: HELP_TOPIC
  text_quote: "- Subcommand help alias: `ssd <subcommand> --help [--format semdl]`"
}

segment HELP_LINE_8 {
  source: HELP_TOPIC
  text_quote: "Key syntax forms:"
}

segment HELP_LINE_9 {
  source: HELP_TOPIC
  text_quote: "- `ssd check <file>`"
}

segment HELP_LINE_10 {
  source: HELP_TOPIC
  text_quote: "- `ssd explain <id> <file>`"
}

segment HELP_LINE_11 {
  source: HELP_TOPIC
  text_quote: "- `ssd set <selector> <value-or-field> ... <file>`"
}

segment HELP_LINE_12 {
  source: HELP_TOPIC
  text_quote: "- `ssd annotate <selector> <kind> <text> ... <file>`"
}

segment HELP_LINE_13 {
  source: HELP_TOPIC
  text_quote: "- `ssd help grammar --format semdl`"
}

segment HELP_LINE_14 {
  source: HELP_TOPIC
  text_quote: "Selectors:"
}

segment HELP_LINE_15 {
  source: HELP_TOPIC
  text_quote: "- `id:<id>`"
}

segment HELP_LINE_16 {
  source: HELP_TOPIC
  text_quote: "- `type:<kind>`"
}

segment HELP_LINE_17 {
  source: HELP_TOPIC
  text_quote: "- `path:<id>.<field>`"
}

segment HELP_LINE_18 {
  source: HELP_TOPIC
  text_quote: "- `meta:<id>.<field>`"
}

segment HELP_LINE_19 {
  source: HELP_TOPIC
  text_quote: "- `doc:self`"
}

segment HELP_LINE_20 {
  source: HELP_TOPIC
  text_quote: "For the formal grammar, see `docs/cli.ebnf`."
}

segment HELP_LINE_21 {
  source: HELP_TOPIC
  text_quote: "Use `--format semdl` for line-preserving SEMDL help output."
}

segment HELP_LINE_22 {
  source: HELP_TOPIC
  text_quote: "For command-specific help, see `ssd help reference <subcommand>`."
}
